c:\users\user\source\repos\dst_assignment\dst_assignment\x64\debug\vc143.pdb
c:\users\user\source\repos\dst_assignment\dst_assignment\x64\debug\vc143.idb
c:\users\user\source\repos\dst_assignment\dst_assignment\x64\debug\transaction_list.obj
c:\users\user\source\repos\dst_assignment\dst_assignment\x64\debug\transaction_array.obj
c:\users\user\source\repos\dst_assignment\dst_assignment\x64\debug\review_list.obj
c:\users\user\source\repos\dst_assignment\dst_assignment\x64\debug\review_array.obj
c:\users\user\source\repos\dst_assignment\dst_assignment\x64\debug\linked_list_main_program.obj
c:\users\user\source\repos\dst_assignment\dst_assignment\x64\debug\cleaning_file.obj
c:\users\user\source\repos\dst_assignment\dst_assignment\x64\debug\array_main_program.obj
c:\users\user\source\repos\dst_assignment\dst_assignment\x64\debug\dst_assignment.ilk
c:\users\user\source\repos\dst_assignment\dst_assignment\x64\debug\array_main.obj
c:\users\user\source\repos\dst_assignment\dst_assignment\x64\debug\backup.obj
c:\users\user\source\repos\dst_assignment\dst_assignment\x64\debug\cleaning_csv.obj
c:\users\user\source\repos\dst_assignment\dst_assignment\x64\debug\cleaning_finale.obj
c:\users\user\source\repos\dst_assignment\dst_assignment\x64\debug\cleaning_for_csv.obj
c:\users\user\source\repos\dst_assignment\dst_assignment\x64\debug\linked_list.obj
c:\users\user\source\repos\dst_assignment\dst_assignment\x64\debug\linked_list_main.obj
c:\users\user\source\repos\dst_assignment\dst_assignment\x64\debug\main.obj
c:\users\user\source\repos\dst_assignment\dst_assignment\x64\debug\transaction.obj
c:\users\user\source\repos\dst_assignment\x64\debug\dst_assignment.pdb
c:\users\user\source\repos\dst_assignment\x64\debug\dst_assignment.exe
c:\users\user\source\repos\dst_assignment\dst_assignment\x64\debug\dst_assignment.tlog\cl.command.1.tlog
c:\users\user\source\repos\dst_assignment\dst_assignment\x64\debug\dst_assignment.tlog\cl.items.tlog
c:\users\user\source\repos\dst_assignment\dst_assignment\x64\debug\dst_assignment.tlog\cl.read.1.tlog
c:\users\user\source\repos\dst_assignment\dst_assignment\x64\debug\dst_assignment.tlog\cl.write.1.tlog
c:\users\user\source\repos\dst_assignment\dst_assignment\x64\debug\dst_assignment.tlog\link.command.1.tlog
c:\users\user\source\repos\dst_assignment\dst_assignment\x64\debug\dst_assignment.tlog\link.read.1.tlog
c:\users\user\source\repos\dst_assignment\dst_assignment\x64\debug\dst_assignment.tlog\link.secondary.1.tlog
c:\users\user\source\repos\dst_assignment\dst_assignment\x64\debug\dst_assignment.tlog\link.write.1.tlog
